2024-09-15 06:21:20,741 - INFO - Model and scaler loaded successfully.
2024-09-15 06:21:22,363 - INFO - Model and scaler loaded successfully.
2024-09-15 06:21:25,004 - INFO - Home page accessed.
2024-09-15 06:21:33,402 - INFO - Received input data: [15.26, 14.84, 0.871, 5.763, 3.312, 2.221, 5.22]
2024-09-15 06:21:33,406 - DEBUG - Scaled data: [[ 0.11916993  0.19428301 -0.03303231  0.28505681  0.11767377 -0.9857699
  -0.39299398]]
2024-09-15 06:21:33,411 - INFO - Raw prediction: [0]
2024-09-15 06:21:33,412 - INFO - Final prediction result: Kama
2024-09-16 17:29:35,813 - INFO - Model and scaler loaded successfully.
2024-09-16 17:29:37,509 - INFO - Model and scaler loaded successfully.
2024-09-16 17:29:42,192 - INFO - Home page accessed.
2024-09-16 17:30:00,482 - INFO - Received input data: [15.26, 14.84, 0.871, 5.763, 3.312, 2.221, 5.22]
2024-09-16 17:30:00,487 - DEBUG - Scaled data: [[ 0.11916993  0.19428301 -0.03303231  0.28505681  0.11767377 -0.9857699
  -0.39299398]]
2024-09-16 17:30:00,505 - INFO - Raw prediction: [0]
2024-09-16 17:30:00,505 - INFO - Final prediction result: Kama
2024-09-16 17:30:02,299 - INFO - Home page accessed.
2024-09-16 17:31:04,929 - INFO - Received input data: [17.63, 15.98, 0.8673, 6.191, 3.561, 4.076, 6.06]
2024-09-16 17:31:04,930 - DEBUG - Scaled data: [[ 0.93544953  1.06693223 -0.1970049   1.24857034  0.78212705  0.30427794
   1.30632209]]
2024-09-16 17:31:04,935 - INFO - Raw prediction: [1]
2024-09-16 17:31:04,935 - INFO - Final prediction result: Rosa
2024-09-16 17:32:09,460 - INFO - Received input data: [11.24, 13.0, 0.8359, 5.09, 2.715, 3.521, 5.088]
2024-09-16 17:32:09,461 - DEBUG - Scaled data: [[-1.26540559 -1.21420345 -1.58855601 -1.23000068 -1.47541301 -0.08169325
  -0.66002936]]
2024-09-16 17:32:09,468 - INFO - Raw prediction: [2]
2024-09-16 17:32:09,468 - INFO - Final prediction result: Canadian
2024-09-16 17:32:11,195 - INFO - Home page accessed.
2024-09-16 17:37:24,174 - INFO - Model and scaler loaded successfully.
2024-09-16 17:37:25,798 - INFO - Model and scaler loaded successfully.
2024-09-16 17:37:28,239 - INFO - Home page accessed.
2024-09-16 17:38:43,832 - INFO - Model and scaler loaded successfully.
2024-09-16 17:38:45,595 - INFO - Model and scaler loaded successfully.
2024-09-16 17:38:49,227 - INFO - Home page accessed.
2024-09-16 17:39:12,724 - INFO - Model and scaler loaded successfully.
2024-09-24 07:53:35,297 - INFO - Model and scaler loaded successfully.
2024-09-24 07:53:37,020 - INFO - Model and scaler loaded successfully.
2024-09-24 07:53:38,442 - INFO - Home page accessed.
2024-09-24 07:54:49,890 - INFO - Model and scaler loaded successfully.
2024-09-24 07:55:01,319 - INFO - Home page accessed.
2024-09-24 07:55:16,930 - INFO - Model and scaler loaded successfully.
2024-09-24 07:55:20,201 - INFO - Model and scaler loaded successfully.
2024-09-24 07:55:24,026 - INFO - Home page accessed.
2024-09-24 07:57:04,711 - INFO - Model and scaler loaded successfully.
2024-09-24 07:57:06,484 - INFO - Model and scaler loaded successfully.
2024-09-24 07:57:07,718 - INFO - Home page accessed.
2024-09-24 19:32:26,122 - INFO - Model and scaler loaded successfully.
2024-09-24 19:32:28,233 - INFO - Model and scaler loaded successfully.
2024-09-24 19:32:28,735 - INFO - Home page accessed.
2024-09-24 19:32:55,723 - INFO - Home page accessed.
2024-09-24 19:33:43,068 - INFO - Model and scaler loaded successfully.
2024-09-24 19:33:44,688 - INFO - Model and scaler loaded successfully.
2024-09-24 19:33:46,151 - INFO - Home page accessed.
2024-09-24 19:33:51,569 - INFO - Home page accessed.
2024-09-24 19:36:06,090 - INFO - Received input data: [15.26, 14.84, 0.871, 5.763, 3.312, 2.221, 5.22]
2024-09-24 19:36:06,096 - DEBUG - Scaled data: [[ 0.11916993  0.19428301 -0.03303231  0.28505681  0.11767377 -0.9857699
  -0.39299398]]
2024-09-24 19:36:06,106 - INFO - Raw prediction: [0]
2024-09-24 19:36:06,107 - INFO - Final prediction result: Kama
2024-09-24 19:36:30,933 - INFO - Home page accessed.
2024-09-24 19:36:41,462 - INFO - Received input data: [17.63, 15.98, 0.8673, 6.191, 3.561, 4.076, 6.06]
2024-09-24 19:36:41,463 - DEBUG - Scaled data: [[ 0.93544953  1.06693223 -0.1970049   1.24857034  0.78212705  0.30427794
   1.30632209]]
2024-09-24 19:36:41,471 - INFO - Raw prediction: [1]
2024-09-24 19:36:41,473 - INFO - Final prediction result: Rosa
2024-09-24 19:37:08,784 - INFO - Home page accessed.
2024-09-24 19:37:18,293 - INFO - Received input data: [11.24, 13.0, 0.8359, 5.09, 2.715, 3.521, 5.088]
2024-09-24 19:37:18,294 - DEBUG - Scaled data: [[-1.26540559 -1.21420345 -1.58855601 -1.23000068 -1.47541301 -0.08169325
  -0.66002936]]
2024-09-24 19:37:18,301 - INFO - Raw prediction: [2]
2024-09-24 19:37:18,301 - INFO - Final prediction result: Canadian
2024-09-26 10:19:03,164 - INFO - Model and scaler loaded successfully.
2024-09-26 10:19:07,116 - INFO - Model and scaler loaded successfully.
2024-09-26 10:19:08,375 - INFO - Home page accessed.
2024-09-26 10:19:49,997 - INFO - Received input data: [13.99, 13.83, 0.9183, 5.119, 3.383, 5.234, 4.781]
2024-09-26 10:19:50,003 - DEBUG - Scaled data: [[-0.31824572 -0.57885358  2.06315774 -1.16471589  0.30713635  1.1096016
  -1.28108892]]
2024-09-26 10:19:50,031 - INFO - Raw prediction: [0]
2024-09-26 10:19:50,031 - INFO - Final prediction result: Kama
2024-09-26 10:19:57,153 - INFO - Home page accessed.
2024-09-26 10:20:32,775 - INFO - Received input data: [19.11, 16.26, 0.9081, 6.154, 3.93, 2.936, 6.079]
2024-09-26 10:20:32,776 - DEBUG - Scaled data: [[ 1.44519375  1.28126713  1.61112521  1.16527594  1.76679878 -0.48852774
   1.344759  ]]
2024-09-26 10:20:32,802 - INFO - Raw prediction: [1]
2024-09-26 10:20:32,803 - INFO - Final prediction result: Rosa
2024-09-26 10:20:35,190 - INFO - Home page accessed.
2024-09-26 10:21:07,087 - INFO - Received input data: [11.43, 13.13, 0.8335, 5.176, 2.719, 2.221, 5.132]
2024-09-26 10:21:07,087 - DEBUG - Scaled data: [[-1.19996545 -1.11469082 -1.69491661 -1.0363975  -1.46473906 -0.9857699
  -0.57101757]]
2024-09-26 10:21:07,106 - INFO - Raw prediction: [2]
2024-09-26 10:21:07,106 - INFO - Final prediction result: Canadian
2024-09-26 10:21:09,447 - INFO - Home page accessed.
2024-09-26 10:22:02,003 - INFO - Received input data: [15.61, 15.22, 0.9332, 6.789, 1.223, 2.567, 5.1122]
2024-09-26 10:22:02,006 - DEBUG - Scaled data: [[ 0.23971755  0.48516608  2.72347977  2.59478784 -5.45679573 -0.74514642
  -0.61107287]]
2024-09-26 10:22:02,019 - INFO - Raw prediction: [0]
2024-09-26 10:22:02,021 - INFO - Final prediction result: Kama
2024-09-26 10:22:05,925 - INFO - Home page accessed.
